2019-05-09 08:31:05 +0000  Initial pipeline context: <IDEDistributionProcessingPipelineContext: 0x7fd080ac24d0; archive(resolved)='<IDEArchive: 0x7fd06b1bc990>', distributionTask(resolved)='2', distributionDestination(resolved)='1', distributionMethod(resolved)='<IDEDistributionMethodiOSAppStoreDistribution: 0x7fd071f1d120>', team(resolved)='<IDEProvisioningDisambiguatableBasicTeam: 0x7fd077b8e100; teamID='HU4D6BBLT3', teamName='Joan Coffey', teamType='(null)', username='(null)', isFreeProvisioningTeam='0'>'>
	Chain (12, self inclusive):
	<IDEDistributionProcessingPipelineContext: 0x7fd080ac24d0; archive = '<IDEArchive: 0x7fd06b1bc990>', distributionMethod='<IDEDistributionMethodiOSAppStoreDistribution: 0x7fd071f1d120>', team='<IDEProvisioningDisambiguatableBasicTeam: 0x7fd077b8e100; teamID='HU4D6BBLT3', teamName='Joan Coffey', teamType='(null)', username='(null)', isFreeProvisioningTeam='0'>'>
	<IDEDistributionProcessingPipelineContext: 0x7fd077cb0000; archive = '<IDEArchive: 0x7fd06b1bc990>', distributionMethod='<IDEDistributionMethodiOSAppStoreDistribution: 0x7fd071f1d120>', team='<IDEProvisioningDisambiguatableBasicTeam: 0x7fd077b8e100; teamID='HU4D6BBLT3', teamName='Joan Coffey', teamType='(null)', username='(null)', isFreeProvisioningTeam='0'>'>
	<IDEDistributionContext: 0x7fd0790d9100; archive = '<IDEArchive: 0x7fd06b1bc990>', distributionMethod='<IDEDistributionMethodiOSAppStoreDistribution: 0x7fd071f1d120>', team='<IDEProvisioningDisambiguatableBasicTeam: 0x7fd077b8e100; teamID='HU4D6BBLT3', teamName='Joan Coffey', teamType='(null)', username='(null)', isFreeProvisioningTeam='0'>'>
	<IDEDistributionContext: 0x7fd07968e0c0; archive = '<IDEArchive: 0x7fd06b1bc990>', distributionMethod='<IDEDistributionMethodiOSAppStoreDistribution: 0x7fd071f1d120>', team='<IDEProvisioningDisambiguatableBasicTeam: 0x7fd077b8e100; teamID='HU4D6BBLT3', teamName='Joan Coffey', teamType='(null)', username='(null)', isFreeProvisioningTeam='0'>'>
	<IDEDistributionContext: 0x7fd06bb2dc10; archive = '<IDEArchive: 0x7fd06b1bc990>', distributionMethod='<IDEDistributionMethodiOSAppStoreDistribution: 0x7fd071f1d120>', team='<IDEProvisioningDisambiguatableBasicTeam: 0x7fd077b8e100; teamID='HU4D6BBLT3', teamName='Joan Coffey', teamType='(null)', username='(null)', isFreeProvisioningTeam='0'>'>
	<IDEDistributionContext: 0x7fd077cc9a70; archive = '<IDEArchive: 0x7fd06b1bc990>', distributionMethod='<IDEDistributionMethodiOSAppStoreDistribution: 0x7fd071f1d120>', team='<IDEProvisioningDisambiguatableBasicTeam: 0x7fd077b8e100; teamID='HU4D6BBLT3', teamName='Joan Coffey', teamType='(null)', username='(null)', isFreeProvisioningTeam='0'>'>
	<IDEDistributionContext: 0x7fd079657600; archive = '<IDEArchive: 0x7fd06b1bc990>', distributionMethod='<IDEDistributionMethodiOSAppStoreDistribution: 0x7fd071f1d120>', team='<IDEProvisioningDisambiguatableBasicTeam: 0x7fd077b8e100; teamID='HU4D6BBLT3', teamName='Joan Coffey', teamType='(null)', username='(null)', isFreeProvisioningTeam='0'>'>
	<IDEDistributionContext: 0x7fd076b8eba0; archive = '<IDEArchive: 0x7fd06b1bc990>', distributionMethod='<IDEDistributionMethodiOSAppStoreDistribution: 0x7fd071f1d120>', team='<IDEProvisioningDisambiguatableBasicTeam: 0x7fd077b8e100; teamID='HU4D6BBLT3', teamName='Joan Coffey', teamType='(null)', username='(null)', isFreeProvisioningTeam='0'>'>
	<IDEDistributionContext: 0x7fd06732e7d0; archive = '<IDEArchive: 0x7fd06b1bc990>', distributionMethod='<IDEDistributionMethodiOSAppStoreDistribution: 0x7fd071f1d120>', team='<IDEProvisioningDisambiguatableBasicTeam: 0x7fd077b8e100; teamID='HU4D6BBLT3', teamName='Joan Coffey', teamType='(null)', username='(null)', isFreeProvisioningTeam='0'>'>
	<IDEDistributionContext: 0x7fd06b821770; archive = '<IDEArchive: 0x7fd06b1bc990>', distributionMethod='<IDEDistributionMethodiOSAppStoreDistribution: 0x7fd071f1d120>', team='(null)'>
	<IDEDistributionContext: 0x7fd06b6f5030; archive = '<IDEArchive: 0x7fd06b1bc990>', distributionMethod='<IDEDistributionMethodiOSAppStoreDistribution: 0x7fd071f1d120>', team='(null)'>
	<IDEDistributionContext: 0x7fd077c87130; archive = '<IDEArchive: 0x7fd06b1bc990>', distributionMethod='(null)', team='(null)'>
</IDEDistributionProcessingPipelineContext: 0x7fd080ac24d0>
2019-05-09 08:31:05 +0000  Processing step: IDEDistributionCreateDestRootStep
2019-05-09 08:31:05 +0000  Processing step: IDEDistributionCopyItemStep
2019-05-09 08:31:05 +0000  Running /usr/bin/ditto '-V' '/Users/hc16/Library/Developer/Xcode/Archives/2019-05-09/LYPuzzle 5-9-19, 4.30 PM.xcarchive/Products/Applications/LYPuzzle.app' '/var/folders/v9/vqzl_5gj79n5t24v9h_whhbw0000gn/T/XcodeDistPipeline.Zy2/Root/Payload/LYPuzzle.app'
2019-05-09 08:31:05 +0000  >>> Copying /Users/hc16/Library/Developer/Xcode/Archives/2019-05-09/LYPuzzle 5-9-19, 4.30 PM.xcarchive/Products/Applications/LYPuzzle.app 
2019-05-09 08:31:05 +0000  copying file ./_CodeSignature/CodeResources ... 
2019-05-09 08:31:05 +0000  12079 bytes for ./_CodeSignature/CodeResources
2019-05-09 08:31:05 +0000  copying file ./LevelTime.plist ... 
2019-05-09 08:31:05 +0000  165 bytes for ./LevelTime.plist
copying file ./LaunchImage-1100-Portrait-2436h@3x.png ... 
2019-05-09 08:31:05 +0000  2933149 bytes for ./LaunchImage-1100-Portrait-2436h@3x.png
copying file ./LaunchImage@2x.png ... 
2019-05-09 08:31:05 +0000  1103808 bytes for ./LaunchImage@2x.png
copying file ./AppIcon20x20@2x.png ... 
2019-05-09 08:31:05 +0000  4062 bytes for ./AppIcon20x20@2x.png
copying file ./AppIcon57x57.png ... 
2019-05-09 08:31:05 +0000  6234 bytes for ./AppIcon57x57.png
copying file ./AppIcon20x20@3x.png ... 
2019-05-09 08:31:05 +0000  6722 bytes for ./AppIcon20x20@3x.png
copying file ./AppIcon29x29.png ... 
2019-05-09 08:31:05 +0000  2424 bytes for ./AppIcon29x29.png
copying file ./LaunchImage-568h@2x.png ... 
2019-05-09 08:31:05 +0000  1253548 bytes for ./LaunchImage-568h@2x.png
copying file ./AppIcon60x60@2x.png ... 
2019-05-09 08:31:05 +0000  17587 bytes for ./AppIcon60x60@2x.png
copying file ./AppIcon29x29@2x.png ... 
2019-05-09 08:31:05 +0000  6378 bytes for ./AppIcon29x29@2x.png
copying file ./LaunchImage-800-667h@2x.png ... 
2019-05-09 08:31:05 +0000  1197432 bytes for ./LaunchImage-800-667h@2x.png
2019-05-09 08:31:05 +0000  copying file ./AppIcon40x40@3x.png ... 
2019-05-09 08:31:05 +0000  17587 bytes for ./AppIcon40x40@3x.png
copying file ./AppIcon57x57@2x.png ... 
2019-05-09 08:31:05 +0000  16452 bytes for ./AppIcon57x57@2x.png
copying file ./AppIcon40x40@2x.png ... 
2019-05-09 08:31:05 +0000  10049 bytes for ./AppIcon40x40@2x.png
copying file ./LYPassGameView.nib ... 
2019-05-09 08:31:05 +0000  4413 bytes for ./LYPassGameView.nib
2019-05-09 08:31:05 +0000  copying file ./LaunchImage-1200-Portrait-2688h@3x.png ... 
2019-05-09 08:31:05 +0000  3357669 bytes for ./LaunchImage-1200-Portrait-2688h@3x.png
copying file ./AppIcon29x29@3x.png ... 
2019-05-09 08:31:05 +0000  11273 bytes for ./AppIcon29x29@3x.png
copying file ./AppIcon60x60@3x.png ... 
2019-05-09 08:31:05 +0000  31478 bytes for ./AppIcon60x60@3x.png
2019-05-09 08:31:05 +0000  copying file ./Base.lproj/Main.storyboardc/UIViewController-BYZ-38-t0r.nib/objects-11.0+.nib ... 
2019-05-09 08:31:05 +0000  964 bytes for ./Base.lproj/Main.storyboardc/UIViewController-BYZ-38-t0r.nib/objects-11.0+.nib
copying file ./Base.lproj/Main.storyboardc/UIViewController-BYZ-38-t0r.nib/runtime.nib ... 
2019-05-09 08:31:05 +0000  964 bytes for ./Base.lproj/Main.storyboardc/UIViewController-BYZ-38-t0r.nib/runtime.nib
2019-05-09 08:31:05 +0000  copying file ./Base.lproj/Main.storyboardc/BYZ-38-t0r-view-8bC-Xf-vdC.nib/objects-11.0+.nib ... 
2019-05-09 08:31:05 +0000  7212 bytes for ./Base.lproj/Main.storyboardc/BYZ-38-t0r-view-8bC-Xf-vdC.nib/objects-11.0+.nib
2019-05-09 08:31:05 +0000  copying file ./Base.lproj/Main.storyboardc/BYZ-38-t0r-view-8bC-Xf-vdC.nib/runtime.nib ... 
2019-05-09 08:31:05 +0000  7324 bytes for ./Base.lproj/Main.storyboardc/BYZ-38-t0r-view-8bC-Xf-vdC.nib/runtime.nib
2019-05-09 08:31:05 +0000  copying file ./Base.lproj/Main.storyboardc/Info.plist ... 
2019-05-09 08:31:05 +0000  258 bytes for ./Base.lproj/Main.storyboardc/Info.plist
2019-05-09 08:31:05 +0000  copying file ./Assets.car ... 
2019-05-09 08:31:05 +0000  48564296 bytes for ./Assets.car
copying file ./LYGameOverView.nib ... 
2019-05-09 08:31:05 +0000  4390 bytes for ./LYGameOverView.nib
2019-05-09 08:31:05 +0000  copying file ./LYPuzzle ... 
2019-05-09 08:31:05 +0000  4131280 bytes for ./LYPuzzle
copying file ./LaunchImage-800-Portrait-736h@3x.png ... 
2019-05-09 08:31:05 +0000  2924247 bytes for ./LaunchImage-800-Portrait-736h@3x.png
copying file ./LaunchImage-700@2x.png ... 
2019-05-09 08:31:05 +0000  1103808 bytes for ./LaunchImage-700@2x.png
copying file ./LaunchImage-700-568h@2x.png ... 
2019-05-09 08:31:05 +0000  1253548 bytes for ./LaunchImage-700-568h@2x.png
copying file ./LaunchImage-1200-Portrait-1792h@2x.png ... 
2019-05-09 08:31:05 +0000  2067696 bytes for ./LaunchImage-1200-Portrait-1792h@2x.png
2019-05-09 08:31:05 +0000  copying file ./LYPuzzlePTViewController.nib/objects-11.0+.nib ... 
2019-05-09 08:31:05 +0000  5762 bytes for ./LYPuzzlePTViewController.nib/objects-11.0+.nib
copying file ./LYPuzzlePTViewController.nib/runtime.nib ... 
2019-05-09 08:31:05 +0000  5098 bytes for ./LYPuzzlePTViewController.nib/runtime.nib
2019-05-09 08:31:05 +0000  copying file ./embedded.mobileprovision ... 
2019-05-09 08:31:05 +0000  7500 bytes for ./embedded.mobileprovision
copying file ./Info.plist ... 
2019-05-09 08:31:05 +0000  1866 bytes for ./Info.plist
copying file ./PkgInfo ... 
2019-05-09 08:31:05 +0000  8 bytes for ./PkgInfo
2019-05-09 08:31:05 +0000  /usr/bin/ditto exited with 0
2019-05-09 08:31:05 +0000  Processing step: IDEDistributionEmbedProfileStep
2019-05-09 08:31:05 +0000  Processing step: IDEDistributionItemRemovalStep
2019-05-09 08:31:05 +0000  Processing step: IDEDistributionAppThinningPlistStep
2019-05-09 08:31:05 +0000  Skipping step: IDEDistributionAppThinningPlistStep because it said so
2019-05-09 08:31:05 +0000  Processing step: IDEDistributionCompileBitcodeStep
2019-05-09 08:31:05 +0000  Skipping step: IDEDistributionCompileBitcodeStep because it said so
2019-05-09 08:31:05 +0000  Processing step: IDEDistributionCodeSlimmingStep
2019-05-09 08:31:05 +0000  Processing step: IDEDistributionCopyBCSymbolMapsStep
2019-05-09 08:31:05 +0000  Running /usr/bin/ditto '-V' '/Users/hc16/Library/Developer/Xcode/Archives/2019-05-09/LYPuzzle 5-9-19, 4.30 PM.xcarchive/BCSymbolMaps/73100B0F-2A3B-34BA-B22F-E272DE91A1C7.bcsymbolmap' '/var/folders/v9/vqzl_5gj79n5t24v9h_whhbw0000gn/T/XcodeDistPipeline.Zy2/Root/BCSymbolMaps/73100B0F-2A3B-34BA-B22F-E272DE91A1C7.bcsymbolmap'
2019-05-09 08:31:05 +0000  >>> Copying /Users/hc16/Library/Developer/Xcode/Archives/2019-05-09/LYPuzzle 5-9-19, 4.30 PM.xcarchive/BCSymbolMaps/73100B0F-2A3B-34BA-B22F-E272DE91A1C7.bcsymbolmap 
2019-05-09 08:31:05 +0000  copying file ./73100B0F-2A3B-34BA-B22F-E272DE91A1C7.bcsymbolmap ... 
2019-05-09 08:31:05 +0000  85113 bytes for ./73100B0F-2A3B-34BA-B22F-E272DE91A1C7.bcsymbolmap
2019-05-09 08:31:05 +0000  /usr/bin/ditto exited with 0
2019-05-09 08:31:05 +0000  Running /usr/bin/ditto '-V' '/Users/hc16/Library/Developer/Xcode/Archives/2019-05-09/LYPuzzle 5-9-19, 4.30 PM.xcarchive/BCSymbolMaps/D920F392-7AFF-314B-87CB-C505B16237BE.bcsymbolmap' '/var/folders/v9/vqzl_5gj79n5t24v9h_whhbw0000gn/T/XcodeDistPipeline.Zy2/Root/BCSymbolMaps/D920F392-7AFF-314B-87CB-C505B16237BE.bcsymbolmap'
2019-05-09 08:31:05 +0000  >>> Copying /Users/hc16/Library/Developer/Xcode/Archives/2019-05-09/LYPuzzle 5-9-19, 4.30 PM.xcarchive/BCSymbolMaps/D920F392-7AFF-314B-87CB-C505B16237BE.bcsymbolmap 
2019-05-09 08:31:05 +0000  copying file ./D920F392-7AFF-314B-87CB-C505B16237BE.bcsymbolmap ... 
2019-05-09 08:31:05 +0000  85086 bytes for ./D920F392-7AFF-314B-87CB-C505B16237BE.bcsymbolmap
2019-05-09 08:31:05 +0000  /usr/bin/ditto exited with 0
2019-05-09 08:31:05 +0000  Processing step: IDEDistributionSymbolsStep
2019-05-09 08:31:05 +0000  Excluding symbols for LYPuzzle.app
2019-05-09 08:31:05 +0000  Processing step: IDEDistributionCopyAppleProvidedContentStep
2019-05-09 08:31:05 +0000  Processing step: IDEDistributionAppThinningStep
2019-05-09 08:31:05 +0000  Skipping step: IDEDistributionAppThinningStep because it said so
2019-05-09 08:31:05 +0000  Processing step: IDEDistributionArchThinningStep
2019-05-09 08:31:05 +0000  Running /Applications/Xcode.app/Contents/Developer/Toolchains/XcodeDefault.xctoolchain/usr/bin/lipo '/var/folders/v9/vqzl_5gj79n5t24v9h_whhbw0000gn/T/XcodeDistPipeline.Zy2/Root/Payload/LYPuzzle.app/LYPuzzle' '-verify_arch' 'arm64e'
2019-05-09 08:31:05 +0000  /Applications/Xcode.app/Contents/Developer/Toolchains/XcodeDefault.xctoolchain/usr/bin/lipo exited with 1
2019-05-09 08:31:05 +0000  Skipping architecture thinning for item "LYPuzzle" because arch "arm64e" wasn't found
2019-05-09 08:31:05 +0000  Processing step: IDEDistributionODRStep
2019-05-09 08:31:05 +0000  Processing step: IDEDistributionStripXattrsStep
2019-05-09 08:31:05 +0000  Running /usr/bin/xattr '-crs' '/var/folders/v9/vqzl_5gj79n5t24v9h_whhbw0000gn/T/XcodeDistPipeline.Zy2/Root/Payload/LYPuzzle.app'
2019-05-09 08:31:06 +0000  /usr/bin/xattr exited with 0
2019-05-09 08:31:06 +0000  Processing step: IDEDistributionCodesignStep
2019-05-09 08:31:06 +0000  Entitlements for <IDEDistributionItem: 0x7fd0796752c0 'com.kinder.pz' '<DVTFilePath:0x7fd076be6d50:'/Users/hc16/Library/Developer/Xcode/Archives/2019-05-09/LYPuzzle 5-9-19, 4.30 PM.xcarchive/Products/Applications/LYPuzzle.app'>'>: {
    "application-identifier" = "HU4D6BBLT3.com.kinder.pz";
    "beta-reports-active" = 1;
    "com.apple.developer.team-identifier" = HU4D6BBLT3;
    "get-task-allow" = 0;
    "keychain-access-groups" =     (
        "HU4D6BBLT3.com.kinder.pz"
    );
}
2019-05-09 08:31:06 +0000  Writing entitlements for <IDEDistributionItem: 0x7fd0796752c0 'com.kinder.pz' '<DVTFilePath:0x7fd076be6d50:'/Users/hc16/Library/Developer/Xcode/Archives/2019-05-09/LYPuzzle 5-9-19, 4.30 PM.xcarchive/Products/Applications/LYPuzzle.app'>'> to: /var/folders/v9/vqzl_5gj79n5t24v9h_whhbw0000gn/T/XcodeDistPipeline.Zy2/entitlements3xyQ4K
2019-05-09 08:31:06 +0000  Running /usr/bin/codesign '-vvv' '--force' '--sign' '2041D17FE327BE904852D45B4AE35B9934741F95' '--entitlements' '/var/folders/v9/vqzl_5gj79n5t24v9h_whhbw0000gn/T/XcodeDistPipeline.Zy2/entitlements3xyQ4K' '--preserve-metadata=identifier,flags,runtime' '/var/folders/v9/vqzl_5gj79n5t24v9h_whhbw0000gn/T/XcodeDistPipeline.Zy2/Root/Payload/LYPuzzle.app'
2019-05-09 08:31:06 +0000  /var/folders/v9/vqzl_5gj79n5t24v9h_whhbw0000gn/T/XcodeDistPipeline.Zy2/Root/Payload/LYPuzzle.app: signed app bundle with Mach-O universal (armv7 arm64) [com.kinder.pz]
2019-05-09 08:31:06 +0000  /usr/bin/codesign exited with 0
2019-05-09 08:31:06 +0000  Processing step: IDEDistributionZipODRItemStep
2019-05-09 08:31:06 +0000  Skipping step: IDEDistributionZipODRItemStep because it said so
2019-05-09 08:31:06 +0000  Processing step: IDEDistributionCreateIPAStep
2019-05-09 08:31:06 +0000  Running /usr/bin/ditto '-V' '-c' '-k' '--norsrc' '/var/folders/v9/vqzl_5gj79n5t24v9h_whhbw0000gn/T/XcodeDistPipeline.Zy2/Root' '/var/folders/v9/vqzl_5gj79n5t24v9h_whhbw0000gn/T/XcodeDistPipeline.Zy2/Packages/LYPuzzle.ipa'
2019-05-09 08:31:06 +0000  >>> Copying /var/folders/v9/vqzl_5gj79n5t24v9h_whhbw0000gn/T/XcodeDistPipeline.Zy2/Root 
2019-05-09 08:31:06 +0000  copying file ./BCSymbolMaps/D920F392-7AFF-314B-87CB-C505B16237BE.bcsymbolmap ... 
2019-05-09 08:31:06 +0000  85086 bytes for ./BCSymbolMaps/D920F392-7AFF-314B-87CB-C505B16237BE.bcsymbolmap
copying file ./BCSymbolMaps/73100B0F-2A3B-34BA-B22F-E272DE91A1C7.bcsymbolmap ... 
2019-05-09 08:31:06 +0000  85113 bytes for ./BCSymbolMaps/73100B0F-2A3B-34BA-B22F-E272DE91A1C7.bcsymbolmap
2019-05-09 08:31:06 +0000  copying file ./Payload/LYPuzzle.app/_CodeSignature/CodeResources ... 
2019-05-09 08:31:06 +0000  12079 bytes for ./Payload/LYPuzzle.app/_CodeSignature/CodeResources
2019-05-09 08:31:06 +0000  copying file ./Payload/LYPuzzle.app/LevelTime.plist ... 
165 bytes for ./Payload/LYPuzzle.app/LevelTime.plist
copying file ./Payload/LYPuzzle.app/LaunchImage-1100-Portrait-2436h@3x.png ... 
2019-05-09 08:31:06 +0000  2933149 bytes for ./Payload/LYPuzzle.app/LaunchImage-1100-Portrait-2436h@3x.png
copying file ./Payload/LYPuzzle.app/LaunchImage@2x.png ... 
2019-05-09 08:31:07 +0000  1103808 bytes for ./Payload/LYPuzzle.app/LaunchImage@2x.png
copying file ./Payload/LYPuzzle.app/AppIcon20x20@2x.png ... 
2019-05-09 08:31:07 +0000  4062 bytes for ./Payload/LYPuzzle.app/AppIcon20x20@2x.png
copying file ./Payload/LYPuzzle.app/AppIcon57x57.png ... 
2019-05-09 08:31:07 +0000  6234 bytes for ./Payload/LYPuzzle.app/AppIcon57x57.png
copying file ./Payload/LYPuzzle.app/AppIcon20x20@3x.png ... 
2019-05-09 08:31:07 +0000  6722 bytes for ./Payload/LYPuzzle.app/AppIcon20x20@3x.png
copying file ./Payload/LYPuzzle.app/AppIcon29x29.png ... 
2019-05-09 08:31:07 +0000  2424 bytes for ./Payload/LYPuzzle.app/AppIcon29x29.png
copying file ./Payload/LYPuzzle.app/LaunchImage-568h@2x.png ... 
2019-05-09 08:31:07 +0000  1253548 bytes for ./Payload/LYPuzzle.app/LaunchImage-568h@2x.png
copying file ./Payload/LYPuzzle.app/AppIcon60x60@2x.png ... 
2019-05-09 08:31:07 +0000  17587 bytes for ./Payload/LYPuzzle.app/AppIcon60x60@2x.png
copying file ./Payload/LYPuzzle.app/AppIcon29x29@2x.png ... 
6378 bytes for ./Payload/LYPuzzle.app/AppIcon29x29@2x.png
copying file ./Payload/LYPuzzle.app/LaunchImage-800-667h@2x.png ... 
2019-05-09 08:31:07 +0000  1197432 bytes for ./Payload/LYPuzzle.app/LaunchImage-800-667h@2x.png
copying file ./Payload/LYPuzzle.app/AppIcon40x40@3x.png ... 
2019-05-09 08:31:07 +0000  17587 bytes for ./Payload/LYPuzzle.app/AppIcon40x40@3x.png
copying file ./Payload/LYPuzzle.app/AppIcon57x57@2x.png ... 
2019-05-09 08:31:07 +0000  16452 bytes for ./Payload/LYPuzzle.app/AppIcon57x57@2x.png
copying file ./Payload/LYPuzzle.app/AppIcon40x40@2x.png ... 
2019-05-09 08:31:07 +0000  10049 bytes for ./Payload/LYPuzzle.app/AppIcon40x40@2x.png
copying file ./Payload/LYPuzzle.app/LYPassGameView.nib ... 
2019-05-09 08:31:07 +0000  4413 bytes for ./Payload/LYPuzzle.app/LYPassGameView.nib
copying file ./Payload/LYPuzzle.app/LaunchImage-1200-Portrait-2688h@3x.png ... 
2019-05-09 08:31:07 +0000  3357669 bytes for ./Payload/LYPuzzle.app/LaunchImage-1200-Portrait-2688h@3x.png
copying file ./Payload/LYPuzzle.app/AppIcon29x29@3x.png ... 
2019-05-09 08:31:07 +0000  11273 bytes for ./Payload/LYPuzzle.app/AppIcon29x29@3x.png
copying file ./Payload/LYPuzzle.app/AppIcon60x60@3x.png ... 
2019-05-09 08:31:07 +0000  31478 bytes for ./Payload/LYPuzzle.app/AppIcon60x60@3x.png
2019-05-09 08:31:07 +0000  copying file ./Payload/LYPuzzle.app/Base.lproj/Main.storyboardc/UIViewController-BYZ-38-t0r.nib/objects-11.0+.nib ... 
2019-05-09 08:31:07 +0000  964 bytes for ./Payload/LYPuzzle.app/Base.lproj/Main.storyboardc/UIViewController-BYZ-38-t0r.nib/objects-11.0+.nib
copying file ./Payload/LYPuzzle.app/Base.lproj/Main.storyboardc/UIViewController-BYZ-38-t0r.nib/runtime.nib ... 
2019-05-09 08:31:07 +0000  964 bytes for ./Payload/LYPuzzle.app/Base.lproj/Main.storyboardc/UIViewController-BYZ-38-t0r.nib/runtime.nib
2019-05-09 08:31:07 +0000  copying file ./Payload/LYPuzzle.app/Base.lproj/Main.storyboardc/BYZ-38-t0r-view-8bC-Xf-vdC.nib/objects-11.0+.nib ... 
2019-05-09 08:31:07 +0000  7212 bytes for ./Payload/LYPuzzle.app/Base.lproj/Main.storyboardc/BYZ-38-t0r-view-8bC-Xf-vdC.nib/objects-11.0+.nib
copying file ./Payload/LYPuzzle.app/Base.lproj/Main.storyboardc/BYZ-38-t0r-view-8bC-Xf-vdC.nib/runtime.nib ... 
2019-05-09 08:31:07 +0000  7324 bytes for ./Payload/LYPuzzle.app/Base.lproj/Main.storyboardc/BYZ-38-t0r-view-8bC-Xf-vdC.nib/runtime.nib
2019-05-09 08:31:07 +0000  copying file ./Payload/LYPuzzle.app/Base.lproj/Main.storyboardc/Info.plist ... 
258 bytes for ./Payload/LYPuzzle.app/Base.lproj/Main.storyboardc/Info.plist
2019-05-09 08:31:07 +0000  copying file ./Payload/LYPuzzle.app/Assets.car ... 
2019-05-09 08:31:08 +0000  48564296 bytes for ./Payload/LYPuzzle.app/Assets.car
copying file ./Payload/LYPuzzle.app/LYGameOverView.nib ... 
2019-05-09 08:31:08 +0000  4390 bytes for ./Payload/LYPuzzle.app/LYGameOverView.nib
copying file ./Payload/LYPuzzle.app/LYPuzzle ... 
2019-05-09 08:31:08 +0000  3518240 bytes for ./Payload/LYPuzzle.app/LYPuzzle
copying file ./Payload/LYPuzzle.app/LaunchImage-800-Portrait-736h@3x.png ... 
2019-05-09 08:31:08 +0000  2924247 bytes for ./Payload/LYPuzzle.app/LaunchImage-800-Portrait-736h@3x.png
copying file ./Payload/LYPuzzle.app/LaunchImage-700@2x.png ... 
2019-05-09 08:31:08 +0000  1103808 bytes for ./Payload/LYPuzzle.app/LaunchImage-700@2x.png
copying file ./Payload/LYPuzzle.app/LaunchImage-700-568h@2x.png ... 
2019-05-09 08:31:09 +0000  1253548 bytes for ./Payload/LYPuzzle.app/LaunchImage-700-568h@2x.png
copying file ./Payload/LYPuzzle.app/LaunchImage-1200-Portrait-1792h@2x.png ... 
2019-05-09 08:31:09 +0000  2067696 bytes for ./Payload/LYPuzzle.app/LaunchImage-1200-Portrait-1792h@2x.png
2019-05-09 08:31:09 +0000  copying file ./Payload/LYPuzzle.app/LYPuzzlePTViewController.nib/objects-11.0+.nib ... 
2019-05-09 08:31:09 +0000  5762 bytes for ./Payload/LYPuzzle.app/LYPuzzlePTViewController.nib/objects-11.0+.nib
copying file ./Payload/LYPuzzle.app/LYPuzzlePTViewController.nib/runtime.nib ... 
2019-05-09 08:31:09 +0000  5098 bytes for ./Payload/LYPuzzle.app/LYPuzzlePTViewController.nib/runtime.nib
2019-05-09 08:31:09 +0000  copying file ./Payload/LYPuzzle.app/embedded.mobileprovision ... 
2019-05-09 08:31:09 +0000  7500 bytes for ./Payload/LYPuzzle.app/embedded.mobileprovision
copying file ./Payload/LYPuzzle.app/Info.plist ... 
2019-05-09 08:31:09 +0000  1866 bytes for ./Payload/LYPuzzle.app/Info.plist
copying file ./Payload/LYPuzzle.app/PkgInfo ... 
2019-05-09 08:31:09 +0000  8 bytes for ./Payload/LYPuzzle.app/PkgInfo
2019-05-09 08:31:09 +0000  /usr/bin/ditto exited with 0
2019-05-09 08:31:09 +0000  Processing step: IDEDistributionAppStoreInformationStep
2019-05-09 08:31:09 +0000  Skipping step: IDEDistributionAppStoreInformationStep because it said so
2019-05-09 08:31:09 +0000  Processing step: IDEDistributionCreateManifestStep
2019-05-09 08:31:09 +0000  Skipping step: IDEDistributionCreateManifestStep because it said so
